<?xml version="1.0" encoding="UTF-8"?>
<testsuite name="MainTest" tests="1" skipped="0" failures="0" errors="0" timestamp="2020-12-10T15:12:50" hostname="MacBook-Pro.local" time="0.129">
  <properties/>
  <testcase name="testUniqueFunc()" classname="MainTest" time="0.129"/>
  <system-out><![CDATA[]]></system-out>
  <system-err><![CDATA[]]></system-err>
</testsuite>
